2020-05-14 18:02:05,438 ERROR Main [main] Main.main(Main.java:14) There is no place
2020-05-14 18:05:01,256 ERROR Main [main] Main.main(Main.java:14) There is no place. Room: 1
2020-05-14 18:05:21,520 ERROR Main [main] Main.main(Main.java:14) There is no place. Room: 1
2020-05-14 18:05:41,381 ERROR Main [main] Main.main(Main.java:13) There is no place. Room: 1
2020-05-14 18:13:52,248 ERROR Main [main] Main.main(Main.java:13) There is no place. Room: 1
2020-05-14 18:15:58,149 ERROR Main [main] Main.main(Main.java:13) There is no place. Room: 1
2020-05-14 18:28:13,949 ERROR Main [main] Main.main(Main.java:13) There is no place. Room: 1
2020-05-14 18:29:27,690 ERROR Main [main] Main.main(Main.java:13) There is no place. Room: 1
2020-05-14 18:30:21,424 ERROR Main [main] Main.main(Main.java:13) There is no place. Room: 1
2020-05-14 18:32:21,391 ERROR Main [main] Main.main(Main.java:13) There is no place. Room: 1
2020-05-14 18:32:49,292 ERROR Main [main] Main.main(Main.java:13) There is no place. Room: 1
2020-05-14 18:34:40,050 ERROR Main [main] Main.main(Main.java:13) There is no place. Room: 1
2020-05-14 18:48:40,870 ERROR Main [main] Main.main(Main.java:13) There is no place. Room: 1
2020-05-14 18:53:34,478 ERROR Main [main] Main.main(Main.java:13) There is no place. Room: 1
2020-05-14 19:10:21,611 ERROR Main [main] Main.main(Main.java:13) There is no place. Room: 1
2020-05-14 19:10:33,904 ERROR Main [main] Main.main(Main.java:13) There is no place. Room: 1
2020-05-14 19:10:57,197 ERROR Main [main] Main.main(Main.java:13) There is no place. Room: 1
2020-05-14 19:15:16,294 ERROR Main [main] Main.main(Main.java:13) There is no place. Room: 1
2020-05-14 19:17:07,673 ERROR Main [main] Main.main(Main.java:13) There is no place. Room: 1
2020-05-14 19:18:23,242 ERROR Main [main] Main.main(Main.java:13) There is no place. Room: 1
2020-05-14 23:37:23,727 ERROR Main [main] Main.main(Main.java:25) There is too much light
2020-05-14 23:38:12,897 ERROR Main [main] Main.main(Main.java:25) There is too much light
2020-05-14 23:38:32,839 ERROR Main [main] Main.main(Main.java:25) There is too much light
2020-05-14 23:39:10,796 ERROR Main [main] Main.main(Main.java:25) There is too much light
2020-05-17 00:00:55,443 ERROR Main [main] Main.main(Main.java:26) Too much light. You can't put any lamps
2020-05-17 00:02:13,297 ERROR Main [main] Main.main(Main.java:26) Too much light. You can't put any lamps
2020-05-17 00:05:45,094 ERROR Main [main] Main.main(Main.java:26) Too much light. You can't put any lamps
2020-05-17 00:12:15,521 ERROR Main [main] Main.main(Main.java:26) Too much light. You can't put any lamps
2020-05-17 00:14:38,513 ERROR Main [main] Main.main(Main.java:26) Too much light. You can't put any lamps
2020-05-17 00:15:25,620 ERROR Main [main] Main.main(Main.java:26) Too much light. You can't put any lamps
2020-05-17 00:15:55,415 ERROR Main [main] Main.main(Main.java:26) Too much light. You can't put any lamps
2020-05-17 00:16:57,437 ERROR Main [main] Main.main(Main.java:26) Too much light. You can't put any lamps
2020-05-17 00:18:13,878 ERROR Main [main] Main.main(Main.java:26) Too much light. You can't put any lamps
2020-05-17 00:19:49,580 ERROR Main [main] Main.main(Main.java:26) Too much light. You can't put any lamps
2020-05-17 00:20:22,066 ERROR Main [main] Main.main(Main.java:26) Too much light. You can't put any lamps
2020-05-17 00:23:32,939 ERROR Main [main] Main.main(Main.java:26) Too much light. You can't put any lamps
2020-05-17 00:28:28,489 ERROR Main [main] Main.main(Main.java:26) Too much light. You can't put any lamps
2020-05-17 00:34:04,802 ERROR Main [main] Main.main(Main.java:26) Too much light. You can't put any lamps
2020-05-17 00:36:11,266 ERROR Main [main] Main.main(Main.java:26) Too much light. You can't put any lamps
2020-05-17 00:38:57,807 ERROR Main [main] Main.main(Main.java:26) Too much light. You can't put any lamps
2020-05-17 01:19:59,732 ERROR Main [main] Main.main(Main.java:26) Too much light. You can't put any lamps
2020-05-17 01:32:37,167 ERROR Main [main] Main.main(Main.java:24) There is no place for putting items.
2020-05-17 01:36:27,432 ERROR Main [main] Main.main(Main.java:24) There is no place for putting items.
